ENG_herring01_0
ENG_herring06_111
ENG_herring06_114
ENG_herring06_76
ENG_herring08_284
ENG_herring08_298
ENG_herring08_303
ENG_herring10_354
ENG_herring10_355
ENG_herring10_366
ENG_herring10_475
ENG_herring10_489
ENG_herring13_516
ENG_herring17_1014
ENG_herring17_1091
ENG_herring17_823
ENG_herring17_824
ENG_herring17_833
ENG_herring17_835
ENG_herring17_836
ENG_herring17_851
ENG_herring17_903
ENG_herring17_911
ENG_herring17_962
ENG_herring17_987
ENG_herring17_994
ENG_herring17_996
ENG_maria01_1250
ENG_maria04_1274
ENG_maria04_1286
ENG_maria04_1312
ENG_maria16_1384
ENG_maria16_1391
ENG_maria18_1452
ENG_maria18_1464
ENG_maria18_1466
ENG_maria18_1473
ENG_maria18_1484
ENG_maria18_1486
ENG_maria18_1506
ENG_maria19_1582
ENG_maria19_1595
ENG_maria20_1633
ENG_maria20_1701
ENG_maria24_1720
ENG_maria24_1738
ENG_maria24_1743
ENG_maria27_1786
ENG_maria27_1824
ENG_maria27_1826
ENG_maria27_1834
ENG_maria31_2011
ENG_sastre03_2188
ENG_sastre03_2218
ENG_sastre03_2267
ENG_sastre03_2351
ENG_sastre04_2474
ENG_sastre04_2478
ENG_sastre04_2516
ENG_sastre06_2595
ENG_sastre06_2614
ENG_sastre07_2622
ENG_sastre07_2623
ENG_sastre08_2657
ENG_sastre08_2686
ENG_sastre08_2709
ENG_sastre08_2713
ENG_sastre08_2717
ENG_sastre08_2723
ENG_sastre08_2750
ENG_sastre08_2762
ENG_sastre08_2792
ENG_sastre08_2806
ENG_sastre08_2849
ENG_sastre09_2928
ENG_sastre09_2937
ENG_sastre09_2942
ENG_sastre09_2947
ENG_sastre09_2950
ENG_sastre09_2966
ENG_sastre09_2992
ENG_sastre09_3003
ENG_sastre09_3019
ENG_sastre09_3058
ENG_sastre09_3069
ENG_sastre09_3087
ENG_sastre09_3088
ENG_sastre09_3089
ENG_sastre09_3125
ENG_sastre09_3132
ENG_sastre09_3135
ENG_sastre09_3136
ENG_sastre09_3146
ENG_sastre09_3153
ENG_sastre09_3171
ENG_sastre09_3208
ENG_sastre09_3212
ENG_sastre09_3226
ENG_sastre10_3239
ENG_sastre11_3673
ENG_sastre11_3746
ENG_sastre11_3752
ENG_sastre12_3768
ENG_sastre12_3770
ENG_zeledon03_3830
ENG_zeledon06_4186
ENG_zeledon06_4215
ENG_zeledon06_4264
ENG_zeledon06_4267
ENG_zeledon08_4331
ENG_zeledon08_4334
ENG_zeledon08_4335
ENG_zeledon08_4354
ENG_zeledon08_4634
ENG_zeledon08_4645
ENG_zeledon08_4646
ENG_zeledon08_4697
ENG_zeledon08_4708
ENG_zeledon08_4716
ENG_zeledon08_4733
ENG_zeledon08_4852
ENG_zeledon08_4860
ENG_zeledon08_4864
ENG_zeledon09_4894
ENG_zeledon09_4895
ENG_zeledon13_4985
zeledon07_51
ENG_herring07_161
ENG_herring07_177
ENG_herring07_183
ENG_herring07_184
ENG_herring07_187
ENG_herring07_197
ENG_herring07_218
ENG_herring07_220
ENG_herring07_221
ENG_herring07_242
ENG_herring07_249
ENG_herring16_652
ENG_herring16_704
ENG_herring16_729
ENG_sastre03_2087
ENG_sastre03_2094
ENG_sastre03_2115
ENG_sastre03_2118
ENG_sastre03_2180
ENG_sastre03_2241
ENG_sastre03_2278
ENG_sastre03_2281
ENG_sastre03_2407
ENG_sastre06_2539
ENG_sastre06_2571
ENG_sastre06_2608
ENG_sastre11_3380
ENG_sastre11_3457
ENG_sastre11_3595
ENG_sastre11_3598
ENG_sastre11_3608
ENG_sastre11_3612
ENG_sastre11_3760
ENG_zeledon04_3935
ENG_zeledon04_3936
ENG_zeledon04_4030
ENG_zeledon04_4045
ENG_zeledon04_4055
ENG_zeledon04_4130
ENG_zeledon04_4155
ENG_zeledon11_4954
ENG_zeledon11_4964
herring12_15
sastre01_11
sastre02_134
