ENG_herring01_10
ENG_herring01_16
ENG_herring01_1
ENG_herring01_21
ENG_herring01_26
ENG_herring01_29
ENG_herring01_32
ENG_herring01_3
ENG_herring01_5
ENG_herring01_6
ENG_herring06_103
ENG_herring06_118
ENG_herring06_133
ENG_herring06_135
ENG_herring06_65
ENG_herring06_72
ENG_herring06_73
ENG_herring06_74
ENG_herring06_83
ENG_herring06_84
ENG_herring06_92
ENG_herring06_96
ENG_herring08_285
ENG_herring08_322
ENG_herring09_344
ENG_herring10_353
ENG_herring10_359
ENG_herring10_367
ENG_herring10_369
ENG_herring10_372
ENG_herring10_411
ENG_herring10_428
ENG_herring10_429
ENG_herring10_444
ENG_herring10_454
ENG_herring10_506
ENG_herring13_517
ENG_herring13_525
ENG_herring13_549
ENG_herring13_550
ENG_herring13_571
ENG_herring13_579
ENG_herring13_590
ENG_herring13_592
ENG_herring13_601
ENG_herring17_1166
ENG_herring17_803
ENG_herring17_808
ENG_herring17_810
ENG_herring17_969
ENG_herring17_971
ENG_maria01_1238
ENG_maria01_1242
ENG_maria01_1248
ENG_maria01_1249
ENG_maria01_1251
ENG_maria01_1252
ENG_maria01_1254
ENG_maria01_1263
ENG_maria04_1273
ENG_maria04_1282
ENG_maria07_1318
ENG_maria07_1320
ENG_maria07_1325
ENG_maria07_1326
ENG_maria07_1327
ENG_maria10_1332
ENG_maria10_1339
ENG_maria10_1341
ENG_maria10_1343
ENG_maria10_1347
ENG_maria16_1396
ENG_maria18_1469
ENG_maria18_1477
ENG_maria18_1479
ENG_maria18_1483
ENG_maria18_1488
ENG_maria18_1498
ENG_maria18_1505
ENG_maria18_1512
ENG_maria18_1513
ENG_maria18_1518
ENG_maria18_1519
ENG_maria18_1520
ENG_maria18_1527
ENG_maria18_1540
ENG_maria18_1551
ENG_maria19_1564
ENG_maria19_1570
ENG_maria19_1575
ENG_maria20_1658
ENG_maria20_1659
ENG_maria20_1663
ENG_maria20_1664
ENG_maria20_1667
ENG_maria20_1668
ENG_maria20_1682
ENG_maria20_1685
ENG_maria20_1689
ENG_maria20_1690
ENG_maria24_1711
ENG_maria24_1719
ENG_maria24_1722
ENG_maria24_1724
ENG_maria24_1741
ENG_maria24_1748
ENG_maria24_1749
ENG_maria24_1753
ENG_maria24_1760
ENG_maria27_1776
ENG_maria27_1798
ENG_maria27_1799
ENG_maria27_1806
ENG_maria27_1807
ENG_maria27_1829
ENG_maria27_1830
ENG_maria27_1833
ENG_maria27_1834
ENG_maria27_1840
ENG_maria27_1851
ENG_maria27_1852
ENG_maria27_1857
ENG_maria31_1892
ENG_maria31_1992
ENG_sastre03_2081
ENG_sastre03_2160
ENG_sastre03_2174
ENG_sastre03_2285
ENG_sastre03_2343
ENG_sastre03_2344
ENG_sastre03_2426
ENG_sastre03_2432
ENG_sastre04_2466
ENG_sastre04_2468
ENG_sastre04_2472
ENG_sastre04_2481
ENG_sastre04_2487
ENG_sastre04_2488
ENG_sastre04_2489
ENG_sastre04_2495
ENG_sastre04_2501
ENG_sastre04_2502
ENG_sastre04_2503
ENG_sastre04_2506
ENG_sastre04_2507
ENG_sastre04_2511
ENG_sastre04_2515
ENG_sastre04_2519
ENG_sastre04_2529
ENG_sastre04_2530
ENG_sastre04_2532
ENG_sastre06_2548
ENG_sastre06_2600
ENG_sastre07_2634
ENG_sastre07_2644
ENG_sastre08_2656
ENG_sastre08_2694
ENG_sastre08_2699
ENG_sastre08_2714
ENG_sastre08_2728
ENG_sastre08_2748
ENG_sastre08_2769
ENG_sastre08_2772
ENG_sastre08_2775
ENG_sastre08_2777
ENG_sastre08_2778
ENG_sastre08_2782
ENG_sastre08_2822
ENG_sastre08_2836
ENG_sastre08_2844
ENG_sastre08_2865
ENG_sastre08_2911
ENG_sastre09_2916
ENG_sastre09_2917
ENG_sastre09_2927
ENG_sastre09_2929
ENG_sastre09_2939
ENG_sastre09_2961
ENG_sastre09_2964
ENG_sastre09_2965
ENG_sastre09_2973
ENG_sastre09_2983
ENG_sastre09_2994
ENG_sastre09_3007
ENG_sastre09_3010
ENG_sastre09_3016
ENG_sastre09_3028
ENG_sastre09_3034
ENG_sastre09_3043
ENG_sastre09_3047
ENG_sastre09_3053
ENG_sastre09_3054
ENG_sastre09_3055
ENG_sastre09_3056
ENG_sastre09_3062
ENG_sastre09_3072
ENG_sastre09_3073
ENG_sastre09_3083
ENG_sastre09_3086
ENG_sastre09_3092
ENG_sastre09_3100
ENG_sastre09_3109
ENG_sastre09_3111
ENG_sastre09_3114
ENG_sastre09_3122
ENG_sastre09_3123
ENG_sastre09_3128
ENG_sastre09_3133
ENG_sastre09_3134
ENG_sastre09_3142
ENG_sastre09_3143
ENG_sastre09_3144
ENG_sastre09_3147
ENG_sastre09_3152
ENG_sastre09_3174
ENG_sastre09_3185
ENG_sastre09_3193
ENG_sastre09_3206
ENG_sastre09_3210
ENG_sastre09_3215
ENG_sastre09_3227
ENG_sastre10_3229
ENG_sastre10_3241
ENG_sastre10_3242
ENG_sastre10_3244
ENG_sastre10_3248
ENG_sastre10_3249
ENG_sastre10_3251
ENG_sastre10_3262
ENG_sastre10_3346
ENG_sastre10_3347
ENG_sastre12_3766
ENG_sastre12_3767
ENG_sastre12_3769
ENG_sastre12_3776
ENG_sastre12_3795
ENG_sastre12_3796
ENG_sastre12_3814
ENG_zeledon03_3832
ENG_zeledon03_3837
ENG_zeledon03_3840
ENG_zeledon03_3865
ENG_zeledon06_4178
ENG_zeledon06_4183
ENG_zeledon06_4185
ENG_zeledon06_4201
ENG_zeledon06_4205
ENG_zeledon06_4206
ENG_zeledon06_4217
ENG_zeledon06_4220
ENG_zeledon06_4222
ENG_zeledon06_4231
ENG_zeledon06_4239
ENG_zeledon06_4244
ENG_zeledon06_4252
ENG_zeledon06_4261
ENG_zeledon06_4268
ENG_zeledon06_4273
ENG_zeledon06_4279
ENG_zeledon06_4280
ENG_zeledon06_4282
ENG_zeledon06_4292
ENG_zeledon08_4314
ENG_zeledon08_4322
ENG_zeledon08_4326
ENG_zeledon08_4346
ENG_zeledon08_4350
ENG_zeledon08_4390
ENG_zeledon08_4400
ENG_zeledon08_4409
ENG_zeledon08_4416
ENG_zeledon08_4419
ENG_zeledon08_4442
ENG_zeledon08_4461
ENG_zeledon08_4480
ENG_zeledon08_4482
ENG_zeledon08_4483
ENG_zeledon08_4511
ENG_zeledon08_4512
ENG_zeledon08_4518
ENG_zeledon08_4531
ENG_zeledon08_4548
ENG_zeledon08_4551
ENG_zeledon08_4553
ENG_zeledon08_4561
ENG_zeledon08_4562
ENG_zeledon08_4564
ENG_zeledon08_4565
ENG_zeledon08_4575
ENG_zeledon08_4584
ENG_zeledon08_4586
ENG_zeledon08_4587
ENG_zeledon08_4597
ENG_zeledon08_4676
ENG_zeledon08_4679
ENG_zeledon08_4709
ENG_zeledon08_4736
ENG_zeledon08_4754
ENG_zeledon08_4758
ENG_zeledon08_4775
ENG_zeledon08_4777
ENG_zeledon08_4778
ENG_zeledon08_4812
ENG_zeledon08_4814
ENG_zeledon08_4822
ENG_zeledon08_4841
ENG_zeledon08_4855
ENG_zeledon08_4856
ENG_zeledon08_4859
ENG_zeledon08_4867
ENG_zeledon08_4877
ENG_zeledon09_4886
ENG_zeledon09_4893
ENG_zeledon09_4899
ENG_zeledon09_4900
herring03_24
herring03_58
herring05_9
sastre01_28
sastre01_74
sastre01_8
zeledon05_14
zeledon05_24
zeledon05_45
zeledon05_46
zeledon07_106
zeledon07_10
zeledon07_110
zeledon07_114
zeledon07_115
zeledon07_121
zeledon07_13
zeledon07_19
zeledon07_5
zeledon07_6
zeledon07_71
zeledon07_78
zeledon07_95
zeledon07_9
zeledon14_102
zeledon14_107
zeledon14_114
zeledon14_116
zeledon14_117
zeledon14_120
zeledon14_122
zeledon14_124
zeledon14_126
zeledon14_127
zeledon14_18
zeledon14_19
zeledon14_1
zeledon14_28
zeledon14_29
zeledon14_2
zeledon14_3
zeledon14_46
zeledon14_49
zeledon14_53
zeledon14_56
zeledon14_75
zeledon14_81
zeledon14_8
zeledon14_93
ENG_herring06_131
ENG_herring06_151
ENG_herring06_157
ENG_herring07_164
ENG_herring07_166
ENG_herring07_182
ENG_herring07_199
ENG_herring07_232
ENG_herring07_253
ENG_herring08_277
ENG_herring08_286
ENG_herring15_647
ENG_herring16_726
ENG_herring16_744
ENG_herring16_746
ENG_herring16_774
ENG_herring17_1012
ENG_herring17_1161
ENG_herring17_858
ENG_herring17_885
ENG_herring17_900
ENG_herring17_928
ENG_herring17_935
ENG_herring17_936
ENG_herring17_959
ENG_sastre03_2045
ENG_sastre03_2052
ENG_sastre03_2071
ENG_sastre03_2078
ENG_sastre03_2091
ENG_sastre03_2093
ENG_sastre03_2135
ENG_sastre03_2138
ENG_sastre03_2154
ENG_sastre03_2164
ENG_sastre03_2198
ENG_sastre03_2215
ENG_sastre03_2271
ENG_sastre03_2272
ENG_sastre03_2412
ENG_sastre03_2428
ENG_sastre03_2429
ENG_sastre06_2538
ENG_sastre06_2548
ENG_sastre06_2557
ENG_sastre06_2570
ENG_sastre06_2583
ENG_sastre06_2584
ENG_sastre06_2613
ENG_sastre06_2616
ENG_sastre06_2617
ENG_sastre11_3378
ENG_sastre11_3393
ENG_sastre11_3419
ENG_sastre11_3531
ENG_sastre11_3548
ENG_sastre11_3586
ENG_sastre11_3588
ENG_sastre11_3591
ENG_sastre11_3592
ENG_sastre11_3606
ENG_sastre11_3614
ENG_sastre11_3615
ENG_sastre11_3648
ENG_sastre11_3656
ENG_sastre11_3666
ENG_sastre11_3759
ENG_zeledon03_3853
ENG_zeledon04_3879
ENG_zeledon04_3886
ENG_zeledon04_3902
ENG_zeledon04_3916
ENG_zeledon04_3990
ENG_zeledon04_4010
ENG_zeledon04_4018
ENG_zeledon04_4041
ENG_zeledon04_4042
ENG_zeledon04_4099
ENG_zeledon04_4112
herring02_10
herring02_11
herring02_6
herring02_9
herring05_14
herring12_34
herring12_8
herring14_12
herring14_28
herring14_45
herring14_62
herring14_78
sastre01_24
sastre01_5
sastre02_117
sastre02_128
sastre02_133
sastre02_57
sastre02_96
