herring14_6.txt
ENG_herring06_125.txt
ENG_herring17_957.txt
ENG_sastre04_2470.txt
ENG_sastre08_2739.txt
ENG_herring10_347.txt
ENG_sastre09_3180.txt
sastre05_26.txt
ENG_herring06_154.txt
zeledon14_9.txt
ENG_sastre08_2704.txt
ENG_zeledon06_4274.txt
ENG_sastre08_2700.txt
ENG_zeledon02_3815.txt
ENG_sastre08_2909.txt
ENG_sastre04_2528.txt
ENG_sastre03_2150.txt
ENG_sastre08_2779.txt
ENG_zeledon08_4741.txt
ENG_sastre08_2803.txt
ENG_sastre03_2359.txt
ENG_sastre08_2689.txt
ENG_zeledon06_4276.txt
ENG_sastre08_2667.txt
ENG_sastre09_2949.txt
ENG_sastre06_2554.txt
ENG_sastre08_2651.txt
ENG_sastre06_2566.txt
ENG_sastre11_3726.txt
ENG_herring10_492.txt
sastre02_37.txt
herring14_81.txt
ENG_sastre03_2410.txt
ENG_sastre04_2495.txt
ENG_zeledon08_4546.txt
sastre02_62.txt
ENG_sastre04_2509.txt
sastre02_88.txt
ENG_herring17_929.txt
ENG_sastre08_2671.txt
sastre02_66.txt
ENG_sastre09_3051.txt
ENG_sastre03_2059.txt
ENG_sastre10_3320.txt
sastre02_11.txt
ENG_sastre08_2649.txt
herring14_79.txt
ENG_zeledon08_4874.txt
ENG_sastre11_3632.txt
ENG_sastre08_2674.txt
ENG_zeledon06_4277.txt
ENG_sastre04_2518.txt
ENG_herring13_553.txt
ENG_herring08_299.txt
ENG_sastre08_2741.txt
ENG_sastre03_2086.txt
ENG_sastre09_3211.txt
ENG_sastre10_3322.txt
ENG_sastre08_2655.txt
ENG_sastre09_3093.txt
ENG_sastre08_2648.txt
ENG_sastre08_2879.txt
ENG_sastre11_3415.txt
ENG_herring17_1029.txt
herring03_55.txt
ENG_zeledon09_4894.txt
ENG_sastre08_2864.txt
ENG_zeledon02_3817.txt
ENG_sastre03_2209.txt
ENG_sastre09_3063.txt
ENG_zeledon03_3846.txt
ENG_herring17_1120.txt
ENG_sastre03_2058.txt
ENG_herring17_1107.txt
ENG_sastre09_3191.txt
ENG_herring17_1093.txt
herring14_36.txt
ENG_sastre11_3509.txt
zeledon05_9.txt
ENG_herring17_1035.txt
ENG_sastre04_2500.txt
herring14_3.txt
herring14_8.txt
ENG_herring10_479.txt
sastre05_18.txt
ENG_sastre11_3654.txt
ENG_sastre08_2662.txt
ENG_herring17_963.txt
ENG_sastre08_2881.txt
ENG_sastre08_2647.txt
ENG_herring17_814.txt
ENG_herring17_993.txt
ENG_herring17_1131.txt
ENG_sastre09_3156.txt
herring14_35.txt
zeledon14_27.txt
ENG_sastre03_2184.txt
ENG_herring17_845.txt
ENG_sastre08_2867.txt
sastre02_71.txt
ENG_sastre08_2746.txt
ENG_sastre08_2681.txt
ENG_sastre08_2660.txt
ENG_herring10_488.txt
ENG_sastre08_2680.txt
herring14_37.txt
ENG_sastre08_2902.txt
ENG_zeledon06_4280.txt
ENG_sastre06_2568.txt
ENG_sastre04_2525.txt
ENG_sastre11_3698.txt
ENG_sastre03_2110.txt
ENG_sastre11_3488.txt
herring03_56.txt
sastre02_79.txt
ENG_sastre08_2875.txt
ENG_sastre04_2531.txt
ENG_sastre09_2971.txt
ENG_sastre09_2982.txt
zeledon07_50.txt
ENG_sastre09_2920.txt
ENG_zeledon08_4530.txt
ENG_sastre04_2513.txt
ENG_herring13_559.txt
ENG_zeledon08_4685.txt
ENG_sastre06_2589.txt
ENG_herring17_925.txt
zeledon05_43.txt
ENG_sastre08_2732.txt
ENG_sastre08_2791.txt
ENG_sastre08_2813.txt
ENG_sastre09_2951.txt
ENG_herring08_281.txt
ENG_herring10_364.txt
ENG_zeledon09_4898.txt
ENG_sastre11_3564.txt
ENG_sastre08_2669.txt
ENG_herring10_441.txt
ENG_sastre09_3184.txt
ENG_sastre08_2670.txt
ENG_sastre11_3758.txt
sastre05_7.txt
ENG_sastre08_2807.txt
ENG_sastre08_2666.txt
ENG_sastre08_2679.txt
ENG_sastre10_3285.txt
ENG_zeledon08_4739.txt
ENG_sastre03_2411.txt
ENG_sastre08_2835.txt
ENG_zeledon08_4742.txt
ENG_sastre08_2799.txt
ENG_sastre08_2814.txt
ENG_zeledon03_3854.txt
sastre02_78.txt
herring14_75.txt
zeledon14_109.txt
ENG_sastre08_2901.txt
ENG_zeledon03_3827.txt
ENG_sastre11_3467.txt
ENG_zeledon08_4423.txt
ENG_zeledon08_4826.txt
ENG_sastre08_2851.txt
ENG_zeledon08_4574.txt
ENG_sastre09_2956.txt
sastre02_58.txt
ENG_herring17_1123.txt
sastre02_142.txt
ENG_sastre11_3476.txt
ENG_sastre09_2936.txt
ENG_sastre09_3207.txt
ENG_sastre11_3679.txt
sastre02_65.txt
ENG_sastre09_3167.txt
ENG_sastre08_2735.txt
zeledon05_4.txt
ENG_sastre08_2675.txt
ENG_sastre08_2687.txt
ENG_sastre08_2850.txt
herring14_7.txt
ENG_sastre09_3155.txt
ENG_sastre08_2673.txt
ENG_sastre03_2116.txt
ENG_zeledon08_4726.txt
ENG_sastre11_3585.txt
ENG_sastre12_3813.txt
ENG_sastre08_2888.txt
ENG_sastre08_2853.txt
sastre02_52.txt
ENG_sastre08_2903.txt
ENG_sastre08_2725.txt
ENG_herring10_477.txt
sastre05_22.txt
ENG_herring10_390.txt
ENG_sastre09_3110.txt
ENG_herring10_401.txt
ENG_sastre08_2664.txt
ENG_sastre09_3021.txt
ENG_herring10_454.txt
herring03_60.txt
ENG_sastre09_3079.txt
ENG_sastre08_2768.txt
ENG_sastre12_3792.txt
herring14_25.txt
sastre05_4.txt
ENG_sastre11_3502.txt
ENG_herring16_721.txt
ENG_herring16_776.txt
ENG_zeledon04_3933.txt
ENG_herring07_238.txt
zeledon07_59.txt
sastre01_3.txt
zeledon07_31.txt
ENG_sastre11_3586.txt
sastre01_90.txt
ENG_sastre11_3510.txt
ENG_sastre11_3692.txt
ENG_zeledon04_4004.txt
ENG_herring17_815.txt
ENG_sastre11_3756.txt
ENG_sastre03_2111.txt
ENG_herring17_965.txt
ENG_zeledon04_4006.txt
ENG_herring17_1162.txt
ENG_zeledon04_4140.txt
herring03_33.txt
ENG_herring07_255.txt
ENG_sastre11_3681.txt
ENG_herring06_58.txt
herring03_49.txt
ENG_herring07_239.txt
ENG_zeledon04_4102.txt
ENG_zeledon04_4087.txt
ENG_sastre11_3689.txt
ENG_herring16_678.txt
ENG_herring17_1129.txt
ENG_herring07_181.txt
ENG_zeledon04_3934.txt
ENG_zeledon04_4017.txt
ENG_zeledon04_3964.txt
ENG_sastre11_3530.txt
ENG_herring07_163.txt
ENG_herring17_1076.txt
ENG_herring08_283.txt
ENG_herring06_155.txt
ENG_sastre11_3555.txt
ENG_sastre11_3693.txt
ENG_zeledon04_3888.txt
ENG_zeledon04_4099.txt
herring03_1.txt
ENG_sastre11_3462.txt
ENG_herring16_689.txt
ENG_sastre03_2202.txt
ENG_zeledon04_4162.txt
ENG_sastre11_3463.txt
ENG_zeledon04_4156.txt
ENG_sastre03_2119.txt
herring03_37.txt
ENG_herring06_64.txt
ENG_sastre03_2127.txt
ENG_herring07_177.txt
herring03_29.txt
ENG_zeledon04_4111.txt
ENG_sastre11_3583.txt
ENG_herring08_278.txt
ENG_zeledon04_3877.txt
ENG_herring17_958.txt
ENG_zeledon03_3855.txt
ENG_herring07_200.txt
ENG_sastre11_3498.txt
ENG_herring17_1113.txt
ENG_herring17_935.txt
ENG_sastre11_3663.txt
ENG_zeledon11_4972.txt
ENG_zeledon03_3843.txt
ENG_herring16_686.txt
zeledon07_60.txt
ENG_sastre11_3469.txt
ENG_zeledon04_4010.txt
ENG_zeledon04_3950.txt
ENG_herring16_724.txt
ENG_zeledon04_4148.txt
ENG_sastre11_3447.txt
ENG_sastre11_3400.txt
ENG_zeledon04_3940.txt
ENG_herring07_237.txt
ENG_sastre03_2172.txt
ENG_herring16_774.txt
ENG_herring07_201.txt
ENG_sastre03_2105.txt
ENG_herring07_214.txt
ENG_sastre03_2138.txt
ENG_herring07_252.txt
ENG_herring07_187.txt
zeledon07_124.txt
ENG_sastre06_2581.txt
ENG_zeledon04_3904.txt
zeledon07_100.txt
ENG_sastre11_3505.txt
ENG_herring07_227.txt
ENG_zeledon04_4139.txt
ENG_sastre03_2201.txt
ENG_sastre11_3443.txt
ENG_zeledon04_3889.txt
ENG_zeledon04_4089.txt
ENG_herring07_179.txt
ENG_zeledon04_4090.txt
ENG_zeledon04_3876.txt
ENG_herring17_791.txt
ENG_zeledon04_4160.txt
ENG_sastre03_2247.txt
ENG_herring17_858.txt
ENG_zeledon04_3991.txt
ENG_zeledon04_3997.txt
ENG_sastre11_3477.txt
ENG_herring06_152.txt
ENG_sastre03_2307.txt
ENG_herring16_734.txt
herring03_31.txt
ENG_zeledon04_4145.txt
ENG_herring17_964.txt
ENG_sastre03_2082.txt
ENG_herring16_732.txt
ENG_sastre11_3680.txt
herring03_63.txt
ENG_zeledon04_4103.txt
ENG_sastre11_3633.txt
ENG_zeledon04_3941.txt
ENG_zeledon04_4100.txt
ENG_sastre11_3382.txt
ENG_sastre11_3472.txt
ENG_sastre03_2368.txt
ENG_sastre11_3690.txt
ENG_zeledon04_4147.txt
ENG_herring17_908.txt
ENG_herring06_148.txt
